[2026-04-22 10:25:10] dependency warmup start
[2026-04-22 10:25:14] warmup ok pandas
[2026-04-22 10:25:14] warmup ok numpy
[2026-04-22 10:25:15] warmup ok openpyxl
[2026-04-22 10:25:15] warmup ok fitz
[2026-04-22 10:25:16] warmup ok pdfplumber
[2026-04-22 10:25:16] warmup ok pdfminer
[2026-04-22 10:25:16] warmup ok selenium
[2026-04-22 10:25:16] warmup ok webdriver_manager
[2026-04-22 10:25:16] warmup ok requests
[2026-04-22 10:25:16] warmup ok PIL
[2026-04-22 10:25:16] dependency warmup done
[2026-04-22 10:40:23] dependency warmup start
[2026-04-22 10:40:24] warmup ok pandas
[2026-04-22 10:40:24] warmup ok numpy
[2026-04-22 10:40:24] warmup ok openpyxl
[2026-04-22 10:40:25] warmup ok fitz
[2026-04-22 10:40:25] warmup ok pdfplumber
[2026-04-22 10:40:25] warmup ok pdfminer
[2026-04-22 10:40:25] warmup ok selenium
[2026-04-22 10:40:25] warmup ok webdriver_manager
[2026-04-22 10:40:25] warmup ok requests
[2026-04-22 10:40:25] warmup ok PIL
[2026-04-22 10:40:25] dependency warmup done
[2026-04-22 10:42:29] dependency warmup start
[2026-04-22 10:42:29] warmup ok pandas
[2026-04-22 10:42:29] warmup ok numpy
[2026-04-22 10:42:30] warmup ok openpyxl
[2026-04-22 10:42:30] warmup ok fitz
[2026-04-22 10:42:30] warmup ok pdfplumber
[2026-04-22 10:42:30] warmup ok pdfminer
[2026-04-22 10:42:30] warmup ok selenium
[2026-04-22 10:42:30] warmup ok webdriver_manager
[2026-04-22 10:42:30] warmup ok requests
[2026-04-22 10:42:30] warmup ok PIL
[2026-04-22 10:42:30] dependency warmup done
[2026-04-22 10:45:39] activate_tab start cat=email tab=💰  Payment Reminder module=c:\Users\HP\Desktop\Rohit Python Tools\rohit combo\rohit combo\Outlook Email Tools\main.py exists=True tk=False
[2026-04-22 10:45:39] main_import begin tab=💰  Payment Reminder uid=_suite_mod_0_Outlook_Email_Tools
[2026-04-22 10:45:39] main_import success tab=💰  Payment Reminder class=PaymentReminderMailApp
[2026-04-22 10:45:39] instantiate success tab=💰  Payment Reminder instance=PaymentReminderMailApp
[2026-04-22 10:47:53] dependency warmup start
[2026-04-22 10:47:54] warmup ok pandas
[2026-04-22 10:47:54] warmup ok numpy
[2026-04-22 10:47:54] warmup ok openpyxl
[2026-04-22 10:47:54] warmup ok fitz
[2026-04-22 10:47:54] warmup ok pdfplumber
[2026-04-22 10:47:54] warmup ok pdfminer
[2026-04-22 10:47:54] warmup ok selenium
[2026-04-22 10:47:54] warmup ok webdriver_manager
[2026-04-22 10:47:54] warmup ok requests
[2026-04-22 10:47:54] warmup ok PIL
[2026-04-22 10:47:54] dependency warmup done
[2026-04-22 10:48:04] activate_tab start cat=email tab=✏  Custom Email module=c:\Users\HP\Desktop\Rohit Python Tools\rohit combo\rohit combo\Outlook Email Tools\main.py exists=True tk=False
[2026-04-22 10:48:04] main_import begin tab=✏  Custom Email uid=_suite_mod_0_Outlook_Email_Tools
[2026-04-22 10:48:04] main_import success tab=✏  Custom Email class=CustomMailApp
[2026-04-22 10:48:05] instantiate success tab=✏  Custom Email instance=CustomMailApp
[2026-04-22 11:00:53] dependency warmup start
[2026-04-22 11:00:54] warmup ok pandas
[2026-04-22 11:00:54] warmup ok numpy
[2026-04-22 11:00:54] warmup ok openpyxl
[2026-04-22 11:00:54] warmup ok fitz
[2026-04-22 11:00:54] warmup ok pdfplumber
[2026-04-22 11:00:54] warmup ok pdfminer
[2026-04-22 11:00:54] warmup ok selenium
[2026-04-22 11:00:54] warmup ok webdriver_manager
[2026-04-22 11:00:55] warmup ok requests
[2026-04-22 11:00:55] warmup ok PIL
[2026-04-22 11:00:55] dependency warmup done
[2026-04-22 11:01:00] activate_tab start cat=email tab=✏  Custom Email module=c:\Users\HP\Desktop\Rohit Python Tools\rohit combo\rohit combo\Outlook Email Tools\main.py exists=True tk=False
[2026-04-22 11:01:00] main_import begin tab=✏  Custom Email uid=_suite_mod_0_Outlook_Email_Tools
[2026-04-22 11:01:00] main_import success tab=✏  Custom Email class=CustomMailApp
[2026-04-22 11:01:01] instantiate success tab=✏  Custom Email instance=CustomMailApp
[2026-04-22 11:06:36] activate_tab start cat=email tab=💰  Payment Reminder module=c:\Users\HP\Desktop\Rohit Python Tools\rohit combo\rohit combo\Outlook Email Tools\main.py exists=True tk=False
[2026-04-22 11:06:36] main_import cache_hit tab=💰  Payment Reminder module=c:\Users\HP\Desktop\Rohit Python Tools\rohit combo\rohit combo\Outlook Email Tools\main.py
[2026-04-22 11:06:36] instantiate success tab=💰  Payment Reminder instance=PaymentReminderMailApp
[2026-04-22 11:16:51] activate_tab start cat=gst tab=📊  GSTR1 Json to Excel module=c:\Users\HP\Desktop\Rohit Python Tools\rohit combo\rohit combo\GST\JSON to Excel\main.py exists=True tk=False
[2026-04-22 11:16:51] main_import begin tab=📊  GSTR1 Json to Excel uid=_suite_mod_1_JSON_to_Excel
[2026-04-22 11:16:51] main_import success tab=📊  GSTR1 Json to Excel class=App
[2026-04-22 11:16:51] instantiate success tab=📊  GSTR1 Json to Excel instance=App
[2026-04-22 11:30:14] dependency warmup start
[2026-04-22 11:30:15] warmup ok pandas
[2026-04-22 11:30:15] warmup ok numpy
[2026-04-22 11:30:15] warmup ok openpyxl
[2026-04-22 11:30:16] warmup ok fitz
[2026-04-22 11:30:16] warmup ok pdfplumber
[2026-04-22 11:30:16] warmup ok pdfminer
[2026-04-22 11:30:16] warmup ok selenium
[2026-04-22 11:30:16] warmup ok webdriver_manager
[2026-04-22 11:30:16] warmup ok requests
[2026-04-22 11:30:16] warmup ok PIL
[2026-04-22 11:30:16] dependency warmup done
[2026-04-22 11:30:19] activate_tab start cat=gst tab=📊  GSTR1 Json to Excel module=c:\Users\HP\Desktop\Rohit Python Tools\rohit combo\rohit combo\GST\JSON to Excel\main.py exists=True tk=False
[2026-04-22 11:30:19] main_import begin tab=📊  GSTR1 Json to Excel uid=_suite_mod_0_JSON_to_Excel
[2026-04-22 11:30:19] main_import success tab=📊  GSTR1 Json to Excel class=App
[2026-04-22 11:30:19] instantiate success tab=📊  GSTR1 Json to Excel instance=App
[2026-04-22 11:44:42] dependency warmup start
[2026-04-22 11:44:43] warmup ok pandas
[2026-04-22 11:44:43] warmup ok numpy
[2026-04-22 11:44:43] warmup ok openpyxl
[2026-04-22 11:44:43] warmup ok fitz
[2026-04-22 11:44:43] warmup ok pdfplumber
[2026-04-22 11:44:43] warmup ok pdfminer
[2026-04-22 11:44:43] warmup ok selenium
[2026-04-22 11:44:43] warmup ok webdriver_manager
[2026-04-22 11:44:43] warmup ok requests
[2026-04-22 11:44:43] warmup ok PIL
[2026-04-22 11:44:43] dependency warmup done
[2026-04-22 11:44:46] activate_tab start cat=gst tab=🔄  GST Reco module=c:\Users\HP\Desktop\Rohit Python Tools\rohit combo\rohit combo\GST_RECO\mainpy-reco-speqtra.py exists=True tk=False
[2026-04-22 11:44:46] main_import begin tab=🔄  GST Reco uid=_suite_mod_0_GST_RECO
[2026-04-22 11:44:46] main_import success tab=🔄  GST Reco class=App
[2026-04-22 11:44:47] instantiate success tab=🔄  GST Reco instance=_Handle
[2026-04-22 11:50:51] dependency warmup start
[2026-04-22 11:50:52] warmup ok pandas
[2026-04-22 11:50:52] warmup ok numpy
[2026-04-22 11:50:52] warmup ok openpyxl
[2026-04-22 11:50:52] warmup ok fitz
[2026-04-22 11:50:53] warmup ok pdfplumber
[2026-04-22 11:50:53] warmup ok pdfminer
[2026-04-22 11:50:53] warmup ok selenium
[2026-04-22 11:50:53] warmup ok webdriver_manager
[2026-04-22 11:50:53] warmup ok requests
[2026-04-22 11:50:53] warmup ok PIL
[2026-04-22 11:50:53] dependency warmup done
[2026-04-22 11:51:59] activate_tab start cat=tally tab=🧾  GSTR-2B → Tally module=c:\Users\HP\Desktop\Rohit Python Tools\rohit combo\rohit combo\tally tool\main.py exists=True tk=False
[2026-04-22 11:51:59] main_import begin tab=🧾  GSTR-2B → Tally uid=_suite_mod_0_tally_tool
[2026-04-22 11:51:59] main_import success tab=🧾  GSTR-2B → Tally class=GSTR2BTallyApp
[2026-04-22 11:52:01] instantiate success tab=🧾  GSTR-2B → Tally instance=GSTR2BTallyApp
[2026-04-22 11:52:02] activate_tab start cat=tally tab=🏦  Bank Statement → Tally module=c:\Users\HP\Desktop\Rohit Python Tools\rohit combo\rohit combo\tally tool\Bank_Statment_to_Tally.py exists=True tk=False
[2026-04-22 11:52:02] main_import begin tab=🏦  Bank Statement → Tally uid=_suite_mod_1_tally_tool
[2026-04-22 11:52:02] main_import success tab=🏦  Bank Statement → Tally class=TallyBankApp
[2026-04-22 11:52:02] instantiate success tab=🏦  Bank Statement → Tally instance=TallyBankApp
[2026-04-22 11:52:13] activate_tab start cat=tally tab=🛒  Tally Entry module=c:\Users\HP\Desktop\Rohit Python Tools\rohit combo\rohit combo\tally tool\sale_purchase_entry.py exists=True tk=False
[2026-04-22 11:52:13] main_import begin tab=🛒  Tally Entry uid=_suite_mod_2_tally_tool
[2026-04-22 11:52:13] main_import success tab=🛒  Tally Entry class=TallySalesApp
[2026-04-22 11:52:14] instantiate success tab=🛒  Tally Entry instance=TallySalesApp
[2026-04-22 11:52:15] activate_tab start cat=tally tab=📝  Credit/Debit Note module=c:\Users\HP\Desktop\Rohit Python Tools\rohit combo\rohit combo\tally tool\credit-debit-note.py exists=True tk=False
[2026-04-22 11:52:16] main_import begin tab=📝  Credit/Debit Note uid=_suite_mod_3_tally_tool
[2026-04-22 11:52:16] main_import success tab=📝  Credit/Debit Note class=TallyNoteEntryApp
[2026-04-22 11:52:17] instantiate success tab=📝  Credit/Debit Note instance=TallyNoteEntryApp
[2026-04-22 11:52:19] activate_tab start cat=tally tab=📒  Journal Entry module=c:\Users\HP\Desktop\Rohit Python Tools\rohit combo\rohit combo\tally tool\journal_entry.py exists=True tk=False
[2026-04-22 11:52:19] main_import begin tab=📒  Journal Entry uid=_suite_mod_4_tally_tool
[2026-04-22 11:52:19] main_import success tab=📒  Journal Entry class=TallyJournalApp
[2026-04-22 11:52:20] instantiate success tab=📒  Journal Entry instance=TallyJournalApp
[2026-04-22 11:54:50] dependency warmup start
[2026-04-22 11:54:51] warmup ok pandas
[2026-04-22 11:54:51] warmup ok numpy
[2026-04-22 11:54:52] warmup ok openpyxl
[2026-04-22 11:54:52] warmup ok fitz
[2026-04-22 11:54:53] warmup ok pdfplumber
[2026-04-22 11:54:53] warmup ok pdfminer
[2026-04-22 11:54:53] warmup ok selenium
[2026-04-22 11:54:53] warmup ok webdriver_manager
[2026-04-22 11:54:53] warmup ok requests
[2026-04-22 11:54:53] warmup ok PIL
[2026-04-22 11:54:53] dependency warmup done
[2026-04-22 11:55:05] activate_tab start cat=gst tab=🔄  GST Reco module=c:\Users\HP\Desktop\Rohit Python Tools\rohit combo\rohit combo\GST_RECO\mainpy-reco-speqtra.py exists=True tk=False
[2026-04-22 11:55:05] main_import begin tab=🔄  GST Reco uid=_suite_mod_0_GST_RECO
[2026-04-22 11:55:05] main_import success tab=🔄  GST Reco class=App
[2026-04-22 11:55:07] instantiate success tab=🔄  GST Reco instance=_Handle
[2026-04-22 11:56:05] dependency warmup start
[2026-04-22 11:56:06] warmup ok pandas
[2026-04-22 11:56:06] warmup ok numpy
[2026-04-22 11:56:07] warmup ok openpyxl
[2026-04-22 11:56:07] warmup ok fitz
[2026-04-22 11:56:07] warmup ok pdfplumber
[2026-04-22 11:56:07] warmup ok pdfminer
[2026-04-22 11:56:07] warmup ok selenium
[2026-04-22 11:56:07] warmup ok webdriver_manager
[2026-04-22 11:56:07] warmup ok requests
[2026-04-22 11:56:07] warmup ok PIL
[2026-04-22 11:56:07] dependency warmup done
[2026-04-22 11:56:15] activate_tab start cat=gst tab=🔄  GST Reco module=c:\Users\HP\Desktop\Rohit Python Tools\rohit combo\rohit combo\GST_RECO\mainpy-reco-speqtra.py exists=True tk=False
[2026-04-22 11:56:15] main_import begin tab=🔄  GST Reco uid=_suite_mod_0_GST_RECO
[2026-04-22 11:56:15] main_import success tab=🔄  GST Reco class=App
[2026-04-22 11:56:16] instantiate success tab=🔄  GST Reco instance=_Handle
[2026-04-22 12:00:04] dependency warmup start
[2026-04-22 12:00:04] warmup ok pandas
[2026-04-22 12:00:04] warmup ok numpy
[2026-04-22 12:00:04] warmup ok openpyxl
[2026-04-22 12:00:05] warmup ok fitz
[2026-04-22 12:00:05] warmup ok pdfplumber
[2026-04-22 12:00:05] warmup ok pdfminer
[2026-04-22 12:00:05] warmup ok selenium
[2026-04-22 12:00:05] warmup ok webdriver_manager
[2026-04-22 12:00:05] warmup ok requests
[2026-04-22 12:00:05] warmup ok PIL
[2026-04-22 12:00:05] dependency warmup done
[2026-04-22 12:00:12] activate_tab start cat=gst tab=🔄  GST Reco module=c:\Users\HP\Desktop\Rohit Python Tools\rohit combo\rohit combo\GST_RECO\mainpy-reco-speqtra.py exists=True tk=False
[2026-04-22 12:00:12] main_import begin tab=🔄  GST Reco uid=_suite_mod_0_GST_RECO
[2026-04-22 12:00:12] main_import success tab=🔄  GST Reco class=App
[2026-04-22 12:00:13] instantiate success tab=🔄  GST Reco instance=_Handle
[2026-04-22 12:07:35] dependency warmup start
[2026-04-22 12:07:36] warmup ok pandas
[2026-04-22 12:07:36] warmup ok numpy
[2026-04-22 12:07:36] warmup ok openpyxl
[2026-04-22 12:07:36] warmup ok fitz
[2026-04-22 12:07:37] warmup ok pdfplumber
[2026-04-22 12:07:37] warmup ok pdfminer
[2026-04-22 12:07:37] warmup ok selenium
[2026-04-22 12:07:37] warmup ok webdriver_manager
[2026-04-22 12:07:37] warmup ok requests
[2026-04-22 12:07:37] warmup ok PIL
[2026-04-22 12:07:37] dependency warmup done
[2026-04-22 12:07:39] activate_tab start cat=gst tab=🔄  GST Reco module=c:\Users\HP\Desktop\Rohit Python Tools\rohit combo\rohit combo\GST_RECO\mainpy-reco-speqtra.py exists=True tk=False
[2026-04-22 12:07:39] main_import begin tab=🔄  GST Reco uid=_suite_mod_0_GST_RECO
[2026-04-22 12:07:39] main_import success tab=🔄  GST Reco class=App
[2026-04-22 12:07:40] instantiate success tab=🔄  GST Reco instance=_Handle
[2026-04-22 12:24:18] dependency warmup start
[2026-04-22 12:24:18] warmup ok pandas
[2026-04-22 12:24:18] warmup ok numpy
[2026-04-22 12:24:19] warmup ok openpyxl
[2026-04-22 12:24:19] warmup ok fitz
[2026-04-22 12:24:19] warmup ok pdfplumber
[2026-04-22 12:24:19] warmup ok pdfminer
[2026-04-22 12:24:19] warmup ok selenium
[2026-04-22 12:24:19] warmup ok webdriver_manager
[2026-04-22 12:24:19] warmup ok requests
[2026-04-22 12:24:19] warmup ok PIL
[2026-04-22 12:24:19] dependency warmup done
[2026-04-22 12:24:21] activate_tab start cat=gst tab=🔄  GST Reco module=c:\Users\HP\Desktop\Rohit Python Tools\rohit combo\rohit combo\GST_RECO\mainpy-reco-speqtra.py exists=True tk=False
[2026-04-22 12:24:21] main_import begin tab=🔄  GST Reco uid=_suite_mod_0_GST_RECO
[2026-04-22 12:24:21] main_import success tab=🔄  GST Reco class=App
[2026-04-22 12:24:22] instantiate success tab=🔄  GST Reco instance=_Handle
[2026-04-22 12:25:22] dependency warmup start
[2026-04-22 12:25:23] warmup ok pandas
[2026-04-22 12:25:23] warmup ok numpy
[2026-04-22 12:25:23] warmup ok openpyxl
[2026-04-22 12:25:23] warmup ok fitz
[2026-04-22 12:25:23] warmup ok pdfplumber
[2026-04-22 12:25:23] warmup ok pdfminer
[2026-04-22 12:25:23] warmup ok selenium
[2026-04-22 12:25:23] warmup ok webdriver_manager
[2026-04-22 12:25:24] warmup ok requests
[2026-04-22 12:25:24] warmup ok PIL
[2026-04-22 12:25:24] dependency warmup done
[2026-04-22 12:25:27] activate_tab start cat=gst tab=🔄  GST Reco module=c:\Users\HP\Desktop\Rohit Python Tools\rohit combo\rohit combo\GST_RECO\mainpy-reco-speqtra.py exists=True tk=False
[2026-04-22 12:25:27] main_import begin tab=🔄  GST Reco uid=_suite_mod_0_GST_RECO
[2026-04-22 12:25:27] main_import success tab=🔄  GST Reco class=App
[2026-04-22 12:25:28] instantiate success tab=🔄  GST Reco instance=_Handle
[2026-04-22 12:26:19] dependency warmup start
[2026-04-22 12:26:20] warmup ok pandas
[2026-04-22 12:26:20] warmup ok numpy
[2026-04-22 12:26:20] warmup ok openpyxl
[2026-04-22 12:26:20] warmup ok fitz
[2026-04-22 12:26:21] warmup ok pdfplumber
[2026-04-22 12:26:21] warmup ok pdfminer
[2026-04-22 12:26:21] warmup ok selenium
[2026-04-22 12:26:21] warmup ok webdriver_manager
[2026-04-22 12:26:21] warmup ok requests
[2026-04-22 12:26:21] warmup ok PIL
[2026-04-22 12:26:21] dependency warmup done
[2026-04-22 12:26:43] activate_tab start cat=it tab=📄  26/AIS/TIS module=c:\Users\HP\Desktop\Rohit Python Tools\rohit combo\rohit combo\Income Tax\26 AS Downlaoder\main.py exists=True tk=False
[2026-04-22 12:26:43] main_import begin tab=📄  26/AIS/TIS uid=_suite_mod_0_26_AS_Downlaoder
[2026-04-22 12:26:43] main_import success tab=📄  26/AIS/TIS class=App
[2026-04-22 12:26:44] instantiate success tab=📄  26/AIS/TIS instance=App
[2026-04-22 12:44:28] activate_tab start cat=it tab=💰  Challan Downloader module=c:\Users\HP\Desktop\Rohit Python Tools\rohit combo\rohit combo\Income Tax\Challan Downloader\main.py exists=True tk=False
[2026-04-22 12:44:28] main_import begin tab=💰  Challan Downloader uid=_suite_mod_1_Challan_Downloader
[2026-04-22 12:44:28] main_import success tab=💰  Challan Downloader class=App
[2026-04-22 12:44:29] instantiate success tab=💰  Challan Downloader instance=App
[2026-04-22 13:18:20] dependency warmup start
[2026-04-22 13:18:21] warmup ok pandas
[2026-04-22 13:18:21] warmup ok numpy
[2026-04-22 13:18:21] warmup ok openpyxl
[2026-04-22 13:18:21] warmup ok fitz
[2026-04-22 13:18:22] warmup ok pdfplumber
[2026-04-22 13:18:22] warmup ok pdfminer
[2026-04-22 13:18:22] warmup ok selenium
[2026-04-22 13:18:22] warmup ok webdriver_manager
[2026-04-22 13:18:22] warmup ok requests
[2026-04-22 13:18:22] warmup ok PIL
[2026-04-22 13:18:22] dependency warmup done
[2026-04-22 13:18:28] activate_tab start cat=it tab=💰  Challan Downloader module=c:\Users\HP\Desktop\Rohit Python Tools\rohit combo\rohit combo\Income Tax\Challan Downloader\main.py exists=True tk=False
[2026-04-22 13:18:28] main_import begin tab=💰  Challan Downloader uid=_suite_mod_0_Challan_Downloader
[2026-04-22 13:18:28] main_import success tab=💰  Challan Downloader class=App
[2026-04-22 13:18:28] instantiate success tab=💰  Challan Downloader instance=App
[2026-04-22 13:19:30] activate_tab start cat=it tab=📄  26/AIS/TIS module=c:\Users\HP\Desktop\Rohit Python Tools\rohit combo\rohit combo\Income Tax\26 AS Downlaoder\main.py exists=True tk=False
[2026-04-22 13:19:30] main_import begin tab=📄  26/AIS/TIS uid=_suite_mod_1_26_AS_Downlaoder
[2026-04-22 13:19:30] main_import success tab=📄  26/AIS/TIS class=App
[2026-04-22 13:19:31] instantiate success tab=📄  26/AIS/TIS instance=App
[2026-04-22 13:22:21] dependency warmup start
[2026-04-22 13:22:22] warmup ok pandas
[2026-04-22 13:22:22] warmup ok numpy
[2026-04-22 13:22:23] warmup ok openpyxl
[2026-04-22 13:22:23] warmup ok fitz
[2026-04-22 13:22:23] warmup ok pdfplumber
[2026-04-22 13:22:23] warmup ok pdfminer
[2026-04-22 13:22:23] warmup ok selenium
[2026-04-22 13:22:23] warmup ok webdriver_manager
[2026-04-22 13:22:24] warmup ok requests
[2026-04-22 13:22:24] warmup ok PIL
[2026-04-22 13:22:24] dependency warmup done
[2026-04-22 13:22:26] activate_tab start cat=it tab=💰  Challan Downloader module=c:\Users\HP\Desktop\Rohit Python Tools\rohit combo\rohit combo\Income Tax\Challan Downloader\main.py exists=True tk=False
[2026-04-22 13:22:26] main_import begin tab=💰  Challan Downloader uid=_suite_mod_0_Challan_Downloader
[2026-04-22 13:22:26] main_import success tab=💰  Challan Downloader class=App
[2026-04-22 13:22:27] instantiate success tab=💰  Challan Downloader instance=App
[2026-04-22 13:29:30] dependency warmup start
[2026-04-22 13:29:31] warmup ok pandas
[2026-04-22 13:29:31] warmup ok numpy
[2026-04-22 13:29:32] warmup ok openpyxl
[2026-04-22 13:29:32] warmup ok fitz
[2026-04-22 13:29:32] warmup ok pdfplumber
[2026-04-22 13:29:32] warmup ok pdfminer
[2026-04-22 13:29:32] warmup ok selenium
[2026-04-22 13:29:32] warmup ok webdriver_manager
[2026-04-22 13:29:32] warmup ok requests
[2026-04-22 13:29:32] warmup ok PIL
[2026-04-22 13:29:32] dependency warmup done
[2026-04-22 13:30:02] activate_tab start cat=it tab=💰  Challan Downloader module=c:\Users\HP\Desktop\Rohit Python Tools\rohit combo\rohit combo\Income Tax\Challan Downloader\main.py exists=True tk=False
[2026-04-22 13:30:02] main_import begin tab=💰  Challan Downloader uid=_suite_mod_0_Challan_Downloader
[2026-04-22 13:30:03] main_import success tab=💰  Challan Downloader class=App
[2026-04-22 13:30:03] instantiate success tab=💰  Challan Downloader instance=App
[2026-04-22 13:44:07] dependency warmup start
[2026-04-22 13:44:07] warmup ok pandas
[2026-04-22 13:44:07] warmup ok numpy
[2026-04-22 13:44:08] warmup ok openpyxl
[2026-04-22 13:44:08] warmup ok fitz
[2026-04-22 13:44:08] warmup ok pdfplumber
[2026-04-22 13:44:08] warmup ok pdfminer
[2026-04-22 13:44:08] warmup ok selenium
[2026-04-22 13:44:08] warmup ok webdriver_manager
[2026-04-22 13:44:08] warmup ok requests
[2026-04-22 13:44:08] warmup ok PIL
[2026-04-22 13:44:08] dependency warmup done
[2026-04-22 13:44:16] activate_tab start cat=it tab=📄  26/AIS/TIS module=c:\Users\HP\Desktop\Rohit Python Tools\rohit combo\rohit combo\Income Tax\26 AS Downlaoder\main.py exists=True tk=False
[2026-04-22 13:44:16] main_import begin tab=📄  26/AIS/TIS uid=_suite_mod_0_26_AS_Downlaoder
[2026-04-22 13:44:16] main_import success tab=📄  26/AIS/TIS class=App
[2026-04-22 13:44:17] instantiate success tab=📄  26/AIS/TIS instance=App
[2026-04-22 14:55:06] dependency warmup start
[2026-04-22 14:55:11] warmup ok pandas
[2026-04-22 14:55:11] warmup ok numpy
[2026-04-22 14:55:11] warmup ok openpyxl
[2026-04-22 14:55:11] warmup ok fitz
[2026-04-22 14:55:12] warmup ok pdfplumber
[2026-04-22 14:55:12] warmup ok pdfminer
[2026-04-22 14:55:12] warmup ok selenium
[2026-04-22 14:55:12] warmup ok webdriver_manager
[2026-04-22 14:55:12] warmup ok requests
[2026-04-22 14:55:12] warmup ok PIL
[2026-04-22 14:55:12] dependency warmup done
[2026-04-22 15:04:08] dependency warmup start
[2026-04-22 15:04:08] warmup ok pandas
[2026-04-22 15:04:08] warmup ok numpy
[2026-04-22 15:04:09] warmup ok openpyxl
[2026-04-22 15:04:09] warmup ok fitz
[2026-04-22 15:04:09] warmup ok pdfplumber
[2026-04-22 15:04:09] warmup ok pdfminer
[2026-04-22 15:04:09] warmup ok selenium
[2026-04-22 15:04:09] warmup ok webdriver_manager
[2026-04-22 15:04:09] warmup ok requests
[2026-04-22 15:04:09] warmup ok PIL
[2026-04-22 15:04:09] dependency warmup done
[2026-04-22 15:04:14] activate_tab start cat=it tab=📄  26/AIS/TIS module=c:\Users\HP\Desktop\Rohit Python Tools\rohit combo\rohit combo\Income Tax\26 AS Downlaoder\main.py exists=True tk=False
[2026-04-22 15:04:14] main_import begin tab=📄  26/AIS/TIS uid=_suite_mod_0_26_AS_Downlaoder
[2026-04-22 15:04:14] main_import success tab=📄  26/AIS/TIS class=App
[2026-04-22 15:04:15] instantiate success tab=📄  26/AIS/TIS instance=App
[2026-04-22 15:07:51] activate_tab start cat=it tab=💰  Challan Downloader module=c:\Users\HP\Desktop\Rohit Python Tools\rohit combo\rohit combo\Income Tax\Challan Downloader\main.py exists=True tk=False
[2026-04-22 15:07:51] main_import begin tab=💰  Challan Downloader uid=_suite_mod_1_Challan_Downloader
[2026-04-22 15:07:51] main_import success tab=💰  Challan Downloader class=App
[2026-04-22 15:07:51] instantiate success tab=💰  Challan Downloader instance=App
[2026-04-22 15:09:02] dependency warmup start
[2026-04-22 15:09:02] warmup ok pandas
[2026-04-22 15:09:02] warmup ok numpy
[2026-04-22 15:09:03] warmup ok openpyxl
[2026-04-22 15:09:03] warmup ok fitz
[2026-04-22 15:09:03] warmup ok pdfplumber
[2026-04-22 15:09:03] warmup ok pdfminer
[2026-04-22 15:09:03] warmup ok selenium
[2026-04-22 15:09:03] warmup ok webdriver_manager
[2026-04-22 15:09:03] warmup ok requests
[2026-04-22 15:09:03] warmup ok PIL
[2026-04-22 15:09:03] dependency warmup done
[2026-04-22 15:13:04] dependency warmup start
[2026-04-22 15:13:05] warmup ok pandas
[2026-04-22 15:13:05] warmup ok numpy
[2026-04-22 15:13:05] warmup ok openpyxl
[2026-04-22 15:13:06] warmup ok fitz
[2026-04-22 15:13:06] warmup ok pdfplumber
[2026-04-22 15:13:06] warmup ok pdfminer
[2026-04-22 15:13:06] warmup ok selenium
[2026-04-22 15:13:06] warmup ok webdriver_manager
[2026-04-22 15:13:06] warmup ok requests
[2026-04-22 15:13:06] warmup ok PIL
[2026-04-22 15:13:06] dependency warmup done
[2026-04-22 15:13:17] activate_tab start cat=it tab=💰  Challan Downloader module=c:\Users\HP\Desktop\Rohit Python Tools\rohit combo\rohit combo\Income Tax\Challan Downloader\main.py exists=True tk=False
[2026-04-22 15:13:17] main_import begin tab=💰  Challan Downloader uid=_suite_mod_0_Challan_Downloader
[2026-04-22 15:13:17] main_import success tab=💰  Challan Downloader class=App
[2026-04-22 15:13:17] instantiate success tab=💰  Challan Downloader instance=App
[2026-04-22 15:13:43] activate_tab start cat=it tab=📄  26/AIS/TIS module=c:\Users\HP\Desktop\Rohit Python Tools\rohit combo\rohit combo\Income Tax\26 AS Downlaoder\main.py exists=True tk=False
[2026-04-22 15:13:43] main_import begin tab=📄  26/AIS/TIS uid=_suite_mod_1_26_AS_Downlaoder
[2026-04-22 15:13:43] main_import success tab=📄  26/AIS/TIS class=App
[2026-04-22 15:13:44] instantiate success tab=📄  26/AIS/TIS instance=App
[2026-04-22 15:17:51] dependency warmup start
[2026-04-22 15:17:53] warmup ok pandas
[2026-04-22 15:17:53] warmup ok numpy
[2026-04-22 15:17:53] warmup ok openpyxl
[2026-04-22 15:17:54] warmup ok fitz
[2026-04-22 15:17:54] warmup ok pdfplumber
[2026-04-22 15:17:54] warmup ok pdfminer
[2026-04-22 15:17:54] warmup ok selenium
[2026-04-22 15:17:54] warmup ok webdriver_manager
[2026-04-22 15:17:54] warmup ok requests
[2026-04-22 15:17:54] warmup ok PIL
[2026-04-22 15:17:54] dependency warmup done
[2026-04-22 15:18:32] activate_tab start cat=it tab=📄  26/AIS/TIS module=c:\Users\HP\Desktop\Rohit Python Tools\rohit combo\rohit combo\Income Tax\26 AS Downlaoder\main.py exists=True tk=False
[2026-04-22 15:18:32] main_import begin tab=📄  26/AIS/TIS uid=_suite_mod_0_26_AS_Downlaoder
[2026-04-22 15:18:33] main_import success tab=📄  26/AIS/TIS class=App
[2026-04-22 15:18:33] instantiate success tab=📄  26/AIS/TIS instance=App
[2026-04-22 15:18:38] activate_tab start cat=it tab=💰  Challan Downloader module=c:\Users\HP\Desktop\Rohit Python Tools\rohit combo\rohit combo\Income Tax\Challan Downloader\main.py exists=True tk=False
[2026-04-22 15:18:39] main_import begin tab=💰  Challan Downloader uid=_suite_mod_1_Challan_Downloader
[2026-04-22 15:18:39] main_import success tab=💰  Challan Downloader class=App
[2026-04-22 15:18:39] instantiate success tab=💰  Challan Downloader instance=App
[2026-04-22 15:20:36] dependency warmup start
[2026-04-22 15:20:37] warmup ok pandas
[2026-04-22 15:20:37] warmup ok numpy
[2026-04-22 15:20:37] warmup ok openpyxl
[2026-04-22 15:20:37] warmup ok fitz
[2026-04-22 15:20:38] warmup ok pdfplumber
[2026-04-22 15:20:38] warmup ok pdfminer
[2026-04-22 15:20:38] warmup ok selenium
[2026-04-22 15:20:38] warmup ok webdriver_manager
[2026-04-22 15:20:38] warmup ok requests
[2026-04-22 15:20:38] warmup ok PIL
[2026-04-22 15:20:38] dependency warmup done
[2026-04-22 15:20:40] activate_tab start cat=it tab=📄  26/AIS/TIS module=c:\Users\HP\Desktop\Rohit Python Tools\rohit combo\rohit combo\Income Tax\26 AS Downlaoder\main.py exists=True tk=False
[2026-04-22 15:20:40] main_import begin tab=📄  26/AIS/TIS uid=_suite_mod_0_26_AS_Downlaoder
[2026-04-22 15:20:41] main_import success tab=📄  26/AIS/TIS class=App
[2026-04-22 15:20:42] instantiate success tab=📄  26/AIS/TIS instance=App
[2026-04-22 15:23:01] dependency warmup start
[2026-04-22 15:23:02] warmup ok pandas
[2026-04-22 15:23:02] warmup ok numpy
[2026-04-22 15:23:02] warmup ok openpyxl
[2026-04-22 15:23:02] warmup ok fitz
[2026-04-22 15:23:02] warmup ok pdfplumber
[2026-04-22 15:23:02] warmup ok pdfminer
[2026-04-22 15:23:02] warmup ok selenium
[2026-04-22 15:23:02] warmup ok webdriver_manager
[2026-04-22 15:23:03] warmup ok requests
[2026-04-22 15:23:03] warmup ok PIL
[2026-04-22 15:23:03] dependency warmup done
[2026-04-22 15:23:04] activate_tab start cat=it tab=📄  26/AIS/TIS module=c:\Users\HP\Desktop\Rohit Python Tools\rohit combo\rohit combo\Income Tax\26 AS Downlaoder\main.py exists=True tk=False
[2026-04-22 15:23:04] main_import begin tab=📄  26/AIS/TIS uid=_suite_mod_0_26_AS_Downlaoder
[2026-04-22 15:23:04] main_import success tab=📄  26/AIS/TIS class=App
[2026-04-22 15:23:06] instantiate success tab=📄  26/AIS/TIS instance=App
[2026-04-22 15:23:39] dependency warmup start
[2026-04-22 15:23:40] warmup ok pandas
[2026-04-22 15:23:40] warmup ok numpy
[2026-04-22 15:23:41] warmup ok openpyxl
[2026-04-22 15:23:41] warmup ok fitz
[2026-04-22 15:23:41] warmup ok pdfplumber
[2026-04-22 15:23:41] warmup ok pdfminer
[2026-04-22 15:23:41] warmup ok selenium
[2026-04-22 15:23:41] warmup ok webdriver_manager
[2026-04-22 15:23:41] warmup ok requests
[2026-04-22 15:23:41] warmup ok PIL
[2026-04-22 15:23:41] dependency warmup done
[2026-04-22 15:23:45] activate_tab start cat=it tab=📄  26/AIS/TIS module=c:\Users\HP\Desktop\Rohit Python Tools\rohit combo\rohit combo\Income Tax\26 AS Downlaoder\main.py exists=True tk=False
[2026-04-22 15:23:45] main_import begin tab=📄  26/AIS/TIS uid=_suite_mod_0_26_AS_Downlaoder
[2026-04-22 15:23:45] main_import success tab=📄  26/AIS/TIS class=App
[2026-04-22 15:23:46] instantiate success tab=📄  26/AIS/TIS instance=App
[2026-04-22 15:25:29] dependency warmup start
[2026-04-22 15:25:30] warmup ok pandas
[2026-04-22 15:25:30] warmup ok numpy
[2026-04-22 15:25:30] warmup ok openpyxl
[2026-04-22 15:25:30] warmup ok fitz
[2026-04-22 15:25:30] warmup ok pdfplumber
[2026-04-22 15:25:30] warmup ok pdfminer
[2026-04-22 15:25:30] warmup ok selenium
[2026-04-22 15:25:30] warmup ok webdriver_manager
[2026-04-22 15:25:30] warmup ok requests
[2026-04-22 15:25:30] warmup ok PIL
[2026-04-22 15:25:30] dependency warmup done
[2026-04-22 15:25:33] activate_tab start cat=it tab=📄  26/AIS/TIS module=c:\Users\HP\Desktop\Rohit Python Tools\rohit combo\rohit combo\Income Tax\26 AS Downlaoder\main.py exists=True tk=False
[2026-04-22 15:25:33] main_import begin tab=📄  26/AIS/TIS uid=_suite_mod_0_26_AS_Downlaoder
[2026-04-22 15:25:34] main_import success tab=📄  26/AIS/TIS class=App
[2026-04-22 15:25:34] instantiate success tab=📄  26/AIS/TIS instance=App
[2026-04-22 15:28:12] activate_tab start cat=it tab=💰  Challan Downloader module=c:\Users\HP\Desktop\Rohit Python Tools\rohit combo\rohit combo\Income Tax\Challan Downloader\main.py exists=True tk=False
[2026-04-22 15:28:12] main_import begin tab=💰  Challan Downloader uid=_suite_mod_1_Challan_Downloader
[2026-04-22 15:28:12] main_import success tab=💰  Challan Downloader class=App
[2026-04-22 15:28:13] instantiate success tab=💰  Challan Downloader instance=App
[2026-04-22 15:30:55] dependency warmup start
[2026-04-22 15:30:56] warmup ok pandas
[2026-04-22 15:30:56] warmup ok numpy
[2026-04-22 15:30:56] warmup ok openpyxl
[2026-04-22 15:30:56] warmup ok fitz
[2026-04-22 15:30:57] warmup ok pdfplumber
[2026-04-22 15:30:57] warmup ok pdfminer
[2026-04-22 15:30:57] warmup ok selenium
[2026-04-22 15:30:57] warmup ok webdriver_manager
[2026-04-22 15:30:57] warmup ok requests
[2026-04-22 15:30:57] warmup ok PIL
[2026-04-22 15:30:57] dependency warmup done
[2026-04-22 15:31:02] activate_tab start cat=it tab=📄  26/AIS/TIS module=c:\Users\HP\Desktop\Rohit Python Tools\rohit combo\rohit combo\Income Tax\26 AS Downlaoder\main.py exists=True tk=False
[2026-04-22 15:31:02] main_import begin tab=📄  26/AIS/TIS uid=_suite_mod_0_26_AS_Downlaoder
[2026-04-22 15:31:02] main_import success tab=📄  26/AIS/TIS class=App
[2026-04-22 15:31:03] instantiate success tab=📄  26/AIS/TIS instance=App
[2026-04-22 15:33:38] dependency warmup start
[2026-04-22 15:33:39] warmup ok pandas
[2026-04-22 15:33:39] warmup ok numpy
[2026-04-22 15:33:39] warmup ok openpyxl
[2026-04-22 15:33:39] warmup ok fitz
[2026-04-22 15:33:39] warmup ok pdfplumber
[2026-04-22 15:33:39] warmup ok pdfminer
[2026-04-22 15:33:39] warmup ok selenium
[2026-04-22 15:33:39] warmup ok webdriver_manager
[2026-04-22 15:33:39] warmup ok requests
[2026-04-22 15:33:39] warmup ok PIL
[2026-04-22 15:33:39] dependency warmup done
[2026-04-22 15:33:42] activate_tab start cat=it tab=📄  26/AIS/TIS module=c:\Users\HP\Desktop\Rohit Python Tools\rohit combo\rohit combo\Income Tax\26 AS Downlaoder\main.py exists=True tk=False
[2026-04-22 15:33:43] main_import begin tab=📄  26/AIS/TIS uid=_suite_mod_0_26_AS_Downlaoder
[2026-04-22 15:33:43] main_import success tab=📄  26/AIS/TIS class=App
[2026-04-22 15:33:44] instantiate success tab=📄  26/AIS/TIS instance=App
[2026-04-22 15:35:51] dependency warmup start
[2026-04-22 15:35:52] warmup ok pandas
[2026-04-22 15:35:52] warmup ok numpy
[2026-04-22 15:35:52] warmup ok openpyxl
[2026-04-22 15:35:52] warmup ok fitz
[2026-04-22 15:35:52] warmup ok pdfplumber
[2026-04-22 15:35:52] warmup ok pdfminer
[2026-04-22 15:35:52] warmup ok selenium
[2026-04-22 15:35:52] warmup ok webdriver_manager
[2026-04-22 15:35:53] warmup ok requests
[2026-04-22 15:35:53] warmup ok PIL
[2026-04-22 15:35:53] dependency warmup done
[2026-04-22 15:36:08] activate_tab start cat=it tab=📄  26/AIS/TIS module=c:\Users\HP\Desktop\Rohit Python Tools\rohit combo\rohit combo\Income Tax\26 AS Downlaoder\main.py exists=True tk=False
[2026-04-22 15:36:08] main_import begin tab=📄  26/AIS/TIS uid=_suite_mod_0_26_AS_Downlaoder
[2026-04-22 15:36:08] main_import success tab=📄  26/AIS/TIS class=App
[2026-04-22 15:36:09] instantiate success tab=📄  26/AIS/TIS instance=App
[2026-04-22 15:40:01] dependency warmup start
[2026-04-22 15:40:02] warmup ok pandas
[2026-04-22 15:40:02] warmup ok numpy
[2026-04-22 15:40:02] warmup ok openpyxl
[2026-04-22 15:40:02] warmup ok fitz
[2026-04-22 15:40:02] warmup ok pdfplumber
[2026-04-22 15:40:02] warmup ok pdfminer
[2026-04-22 15:40:02] warmup ok selenium
[2026-04-22 15:40:02] warmup ok webdriver_manager
[2026-04-22 15:40:02] warmup ok requests
[2026-04-22 15:40:02] warmup ok PIL
[2026-04-22 15:40:02] dependency warmup done
[2026-04-22 15:40:05] activate_tab start cat=it tab=📄  26AS/AIS & TIS module=c:\Users\HP\Desktop\Rohit Python Tools\rohit combo\rohit combo\Income Tax\26 AS Downlaoder\main.py exists=True tk=False
[2026-04-22 15:40:05] main_import begin tab=📄  26AS/AIS & TIS uid=_suite_mod_0_26_AS_Downlaoder
[2026-04-22 15:40:05] main_import success tab=📄  26AS/AIS & TIS class=App
[2026-04-22 15:40:06] instantiate success tab=📄  26AS/AIS & TIS instance=App
[2026-04-22 15:40:54] dependency warmup start
[2026-04-22 15:40:55] warmup ok pandas
[2026-04-22 15:40:55] warmup ok numpy
[2026-04-22 15:40:55] warmup ok openpyxl
[2026-04-22 15:40:56] warmup ok fitz
[2026-04-22 15:40:56] warmup ok pdfplumber
[2026-04-22 15:40:56] warmup ok pdfminer
[2026-04-22 15:40:56] warmup ok selenium
[2026-04-22 15:40:56] warmup ok webdriver_manager
[2026-04-22 15:40:56] warmup ok requests
[2026-04-22 15:40:56] warmup ok PIL
[2026-04-22 15:40:56] dependency warmup done
[2026-04-22 15:40:58] activate_tab start cat=it tab=💰  Challan Downloader module=c:\Users\HP\Desktop\Rohit Python Tools\rohit combo\rohit combo\Income Tax\Challan Downloader\main.py exists=True tk=False
[2026-04-22 15:40:58] main_import begin tab=💰  Challan Downloader uid=_suite_mod_0_Challan_Downloader
[2026-04-22 15:40:58] main_import success tab=💰  Challan Downloader class=App
[2026-04-22 15:40:58] instantiate success tab=💰  Challan Downloader instance=App
[2026-04-22 15:44:38] dependency warmup start
[2026-04-22 15:44:39] warmup ok pandas
[2026-04-22 15:44:39] warmup ok numpy
[2026-04-22 15:44:39] warmup ok openpyxl
[2026-04-22 15:44:39] warmup ok fitz
[2026-04-22 15:44:39] warmup ok pdfplumber
[2026-04-22 15:44:39] warmup ok pdfminer
[2026-04-22 15:44:39] warmup ok selenium
[2026-04-22 15:44:39] warmup ok webdriver_manager
[2026-04-22 15:44:39] warmup ok requests
[2026-04-22 15:44:39] warmup ok PIL
[2026-04-22 15:44:39] dependency warmup done
[2026-04-22 15:44:42] activate_tab start cat=it tab=📄  26AS/AIS & TIS module=c:\Users\HP\Desktop\Rohit Python Tools\rohit combo\rohit combo\Income Tax\26 AS Downlaoder\main.py exists=True tk=False
[2026-04-22 15:44:42] main_import begin tab=📄  26AS/AIS & TIS uid=_suite_mod_0_26_AS_Downlaoder
[2026-04-22 15:44:43] main_import success tab=📄  26AS/AIS & TIS class=App
[2026-04-22 15:44:44] instantiate success tab=📄  26AS/AIS & TIS instance=App
[2026-04-22 15:44:52] activate_tab start cat=it tab=💰  Challan Downloader module=c:\Users\HP\Desktop\Rohit Python Tools\rohit combo\rohit combo\Income Tax\Challan Downloader\main.py exists=True tk=False
[2026-04-22 15:44:53] main_import begin tab=💰  Challan Downloader uid=_suite_mod_1_Challan_Downloader
[2026-04-22 15:44:53] main_import success tab=💰  Challan Downloader class=App
[2026-04-22 15:44:53] instantiate success tab=💰  Challan Downloader instance=App
[2026-04-22 15:53:45] dependency warmup start
[2026-04-22 15:53:46] warmup ok pandas
[2026-04-22 15:53:46] warmup ok numpy
[2026-04-22 15:53:46] warmup ok openpyxl
[2026-04-22 15:53:46] warmup ok fitz
[2026-04-22 15:53:46] warmup ok pdfplumber
[2026-04-22 15:53:46] warmup ok pdfminer
[2026-04-22 15:53:46] warmup ok selenium
[2026-04-22 15:53:46] warmup ok webdriver_manager
[2026-04-22 15:53:46] warmup ok requests
[2026-04-22 15:53:46] warmup ok PIL
[2026-04-22 15:53:46] dependency warmup done
[2026-04-22 15:53:50] activate_tab start cat=it tab=💰  Challan Downloader module=c:\Users\HP\Desktop\Rohit Python Tools\rohit combo\rohit combo\Income Tax\Challan Downloader\main.py exists=True tk=False
[2026-04-22 15:53:50] main_import begin tab=💰  Challan Downloader uid=_suite_mod_0_Challan_Downloader
[2026-04-22 15:53:51] main_import success tab=💰  Challan Downloader class=App
[2026-04-22 15:53:51] instantiate success tab=💰  Challan Downloader instance=App
[2026-04-22 15:53:53] activate_tab start cat=it tab=📄  26AS/AIS & TIS module=c:\Users\HP\Desktop\Rohit Python Tools\rohit combo\rohit combo\Income Tax\26 AS Downlaoder\main.py exists=True tk=False
[2026-04-22 15:53:53] main_import begin tab=📄  26AS/AIS & TIS uid=_suite_mod_1_26_AS_Downlaoder
[2026-04-22 15:53:53] main_import success tab=📄  26AS/AIS & TIS class=App
[2026-04-22 15:53:54] instantiate success tab=📄  26AS/AIS & TIS instance=App
[2026-04-22 16:04:01] dependency warmup start
[2026-04-22 16:04:03] warmup ok pandas
[2026-04-22 16:04:03] warmup ok numpy
[2026-04-22 16:04:03] warmup ok openpyxl
[2026-04-22 16:04:03] warmup ok fitz
[2026-04-22 16:04:04] warmup ok pdfplumber
[2026-04-22 16:04:04] warmup ok pdfminer
[2026-04-22 16:04:04] warmup ok selenium
[2026-04-22 16:04:04] warmup ok webdriver_manager
[2026-04-22 16:04:04] warmup ok requests
[2026-04-22 16:04:04] warmup ok PIL
[2026-04-22 16:04:04] dependency warmup done
[2026-04-22 16:24:12] dependency warmup start
[2026-04-22 16:24:13] warmup ok pandas
[2026-04-22 16:24:13] warmup ok numpy
[2026-04-22 16:24:14] warmup ok openpyxl
[2026-04-22 16:24:14] warmup ok fitz
[2026-04-22 16:24:14] warmup ok pdfplumber
[2026-04-22 16:24:14] warmup ok pdfminer
[2026-04-22 16:24:14] warmup ok selenium
[2026-04-22 16:24:14] warmup ok webdriver_manager
[2026-04-22 16:24:15] warmup ok requests
[2026-04-22 16:24:15] warmup ok PIL
[2026-04-22 16:24:15] dependency warmup done
[2026-04-22 16:24:54] activate_tab start cat=email tab=✏  Custom Email module=c:\Users\HP\Desktop\Rohit Python Tools\rohit combo\rohit combo\Outlook Email Tools\main.py exists=True tk=False
[2026-04-22 16:24:54] main_import begin tab=✏  Custom Email uid=_suite_mod_0_Outlook_Email_Tools
[2026-04-22 16:24:54] main_import success tab=✏  Custom Email class=CustomMailApp
[2026-04-22 16:24:56] instantiate success tab=✏  Custom Email instance=CustomMailApp
[2026-04-22 16:25:42] activate_tab start cat=email tab=💰  Payment Reminder module=c:\Users\HP\Desktop\Rohit Python Tools\rohit combo\rohit combo\Outlook Email Tools\main.py exists=True tk=False
[2026-04-22 16:25:42] main_import cache_hit tab=💰  Payment Reminder module=c:\Users\HP\Desktop\Rohit Python Tools\rohit combo\rohit combo\Outlook Email Tools\main.py
[2026-04-22 16:25:43] instantiate success tab=💰  Payment Reminder instance=PaymentReminderMailApp
