[2026-04-12 14:23:16] GST 2B runtime log started
[2026-04-12 14:23:30] 📄 Runtime log file: C:\Users\HP\Desktop\Rohit Python Tools\rohit combo\rohit combo\GST\GST 2B Downloader\gst2b_runtime.log
[2026-04-12 14:23:30] 🚀 INITIALIZING GST ENGINE V17 (Hybrid Selection)...
[2026-04-12 14:23:31] 📊 Loaded 1 users.
[2026-04-12 14:23:31] 
🔹 Processing: St******ep
[2026-04-12 14:23:37]    🌐 Opening GST Portal...
[2026-04-12 14:23:39]    ⌨️ Waiting for Captcha...
[2026-04-12 14:23:50]    ✅ Login Successful!
[2026-04-12 14:23:55]    📅 Mode: Whole Quarter 1
[2026-04-12 14:23:58]    ⚙️ Processing: April (Attempt 1)
[2026-04-12 14:24:08]    🔍 Searching for GSTR-2B tile view button...
[2026-04-12 14:24:08]    ✅ View clicked. Opening GSTR-2B summary page...
[2026-04-12 14:24:09]    🧭 [after-view] URL: https://gstr2b.gst.gov.in/gstr2b/auth/gstr2b/summary
[2026-04-12 14:24:09]    🧭 [after-view] Session: ok
[2026-04-12 14:24:11]    ⬇️ Downloading GSTR-2B Summary (PDF)...
[2026-04-12 14:24:13]    ✅ Saved: GSTR2B_07ABDCS9065J1ZV_042024_12042026.pdf
[2026-04-12 14:24:13]    ⬇️ Downloading GSTR-2B Details (Excel)...
[2026-04-12 14:24:14]    ✅ Saved: 042024_07ABDCS9065J1ZV_GSTR2B_12042026.xlsx
[2026-04-12 14:24:16]    🧭 [after-dashboard-nav] URL: https://return.gst.gov.in/returns/auth/dashboard
[2026-04-12 14:24:16]    🧭 [after-dashboard-nav] Session: ok
[2026-04-12 14:24:17]    ⚙️ Processing: May (Attempt 1)
[2026-04-12 14:24:28]    🔍 Searching for GSTR-2B tile view button...
[2026-04-12 14:24:28]    ✅ View clicked. Opening GSTR-2B summary page...
[2026-04-12 14:24:29]    🧭 [after-view] URL: https://gstr2b.gst.gov.in/gstr2b/auth/gstr2b/summary
[2026-04-12 14:24:29]    🧭 [after-view] Session: ok
[2026-04-12 14:24:31]    ⬇️ Downloading GSTR-2B Summary (PDF)...
[2026-04-12 14:24:32]    ✅ Saved: GSTR2B_07ABDCS9065J1ZV_052024_12042026.pdf
[2026-04-12 14:24:32]    ⬇️ Downloading GSTR-2B Details (Excel)...
[2026-04-12 14:24:34]    ✅ Saved: 052024_07ABDCS9065J1ZV_GSTR2B_12042026.xlsx
[2026-04-12 14:24:36]    🧭 [after-dashboard-nav] URL: https://return.gst.gov.in/returns/auth/dashboard
[2026-04-12 14:24:36]    🧭 [after-dashboard-nav] Session: ok
[2026-04-12 14:24:37]    ⚙️ Processing: June (Attempt 1)
[2026-04-12 14:24:47]    🔍 Searching for GSTR-2B tile view button...
[2026-04-12 14:24:47]    ✅ View clicked. Opening GSTR-2B summary page...
[2026-04-12 14:24:48]    🧭 [after-view] URL: https://gstr2b.gst.gov.in/gstr2b/auth/gstr2b/summary
[2026-04-12 14:24:48]    🧭 [after-view] Session: ok
[2026-04-12 14:24:49]    ⬇️ Downloading GSTR-2B Summary (PDF)...
[2026-04-12 14:24:51]    ✅ Saved: GSTR2B_07ABDCS9065J1ZV_062024_12042026.pdf
[2026-04-12 14:24:51]    ⬇️ Downloading GSTR-2B Details (Excel)...
[2026-04-12 14:24:52]    ✅ Saved: 062024_07ABDCS9065J1ZV_GSTR2B_12042026.xlsx
[2026-04-12 14:24:54]    🧭 [after-dashboard-nav] URL: https://return.gst.gov.in/returns/auth/dashboard
[2026-04-12 14:24:54]    🧭 [after-dashboard-nav] Session: ok
[2026-04-12 14:24:57] ----------------------------------------
[2026-04-12 14:24:57] 📄 Summary Report saved: GST_Report_20260412_142457.xlsx
[2026-04-12 14:24:57] ✅ ALL TASKS COMPLETED.
[2026-04-12 14:25:47] 📄 Runtime log file: C:\Users\HP\Desktop\Rohit Python Tools\rohit combo\rohit combo\GST\GST 2B Downloader\gst2b_runtime.log
[2026-04-12 14:25:47] 🚀 INITIALIZING GST ENGINE V17 (Hybrid Selection)...
[2026-04-12 14:25:47] 📊 Loaded 1 users.
[2026-04-12 14:25:47] 
🔹 Processing: St******ep
[2026-04-12 14:25:51]    🌐 Opening GST Portal...
[2026-04-12 14:25:53]    ⌨️ Waiting for Captcha...
[2026-04-12 14:26:01]    ✅ Login Successful!
[2026-04-12 14:26:06]    📅 Mode: Whole Quarter 1
[2026-04-12 14:26:09]    ⚙️ Processing: April (Attempt 1)
[2026-04-12 14:26:20]    🔍 Searching for GSTR-2B tile view button...
[2026-04-12 14:26:20]    ✅ View clicked. Opening GSTR-2B summary page...
[2026-04-12 14:26:21]    🧭 [after-view] URL: https://gstr2b.gst.gov.in/gstr2b/auth/gstr2b/summary
[2026-04-12 14:26:21]    🧭 [after-view] Session: ok
[2026-04-12 14:26:23]    ⬇️ Downloading GSTR-2B Summary (PDF)...
[2026-04-12 14:26:25]    ✅ Saved: GSTR2B_07ABDCS9065J1ZV_042024_12042026.pdf
[2026-04-12 14:26:25]    ⬇️ Downloading GSTR-2B Details (Excel)...
[2026-04-12 14:26:26]    ✅ Saved: 042024_07ABDCS9065J1ZV_GSTR2B_12042026.xlsx
[2026-04-12 14:26:29]    🧭 [after-dashboard-nav] URL: https://return.gst.gov.in/returns/auth/dashboard
[2026-04-12 14:26:29]    🧭 [after-dashboard-nav] Session: ok
[2026-04-12 14:26:30]    ⚙️ Processing: May (Attempt 1)
[2026-04-12 14:26:40]    🔍 Searching for GSTR-2B tile view button...
[2026-04-12 14:26:40]    ✅ View clicked. Opening GSTR-2B summary page...
[2026-04-12 14:26:41]    🧭 [after-view] URL: https://gstr2b.gst.gov.in/gstr2b/auth/gstr2b/summary
[2026-04-12 14:26:41]    🧭 [after-view] Session: ok
[2026-04-12 14:26:42]    ⬇️ Downloading GSTR-2B Summary (PDF)...
[2026-04-12 14:26:44]    ✅ Saved: GSTR2B_07ABDCS9065J1ZV_052024_12042026.pdf
[2026-04-12 14:26:44]    ⬇️ Downloading GSTR-2B Details (Excel)...
[2026-04-12 14:26:45]    ✅ Saved: 052024_07ABDCS9065J1ZV_GSTR2B_12042026.xlsx
[2026-04-12 14:26:47]    🧭 [after-dashboard-nav] URL: https://return.gst.gov.in/returns/auth/dashboard
[2026-04-12 14:26:47]    🧭 [after-dashboard-nav] Session: ok
[2026-04-12 14:26:48]    ⚙️ Processing: June (Attempt 1)
[2026-04-12 14:26:59]    🔍 Searching for GSTR-2B tile view button...
[2026-04-12 14:26:59]    ✅ View clicked. Opening GSTR-2B summary page...
[2026-04-12 14:26:59]    🧭 [after-view] URL: https://gstr2b.gst.gov.in/gstr2b/auth/gstr2b/summary
[2026-04-12 14:26:59]    🧭 [after-view] Session: ok
[2026-04-12 14:27:01]    ⬇️ Downloading GSTR-2B Summary (PDF)...
[2026-04-12 14:27:02]    ✅ Saved: GSTR2B_07ABDCS9065J1ZV_062024_12042026.pdf
[2026-04-12 14:27:03]    ⬇️ Downloading GSTR-2B Details (Excel)...
[2026-04-12 14:27:04]    ✅ Saved: 062024_07ABDCS9065J1ZV_GSTR2B_12042026.xlsx
[2026-04-12 14:27:06]    🧭 [after-dashboard-nav] URL: https://return.gst.gov.in/returns/auth/dashboard
[2026-04-12 14:27:06]    🧭 [after-dashboard-nav] Session: ok
[2026-04-12 14:27:09] ----------------------------------------
[2026-04-12 14:27:09] 📄 Summary Report saved: GST_Report_20260412_142709.xlsx
[2026-04-12 14:27:09] ✅ ALL TASKS COMPLETED.
